<?xml version="1.0" encoding="UTF-8"?>
<!-- Generated by org.testng.reporters.JUnitReportReporter -->
<testsuite hostname="DESKTOP-B2JJIFU" failures="0" tests="3" name="TestNg.Practice01Test" time="0.026" errors="0" timestamp="21 Jul 2022 08:51:35 GMT">
  <testcase classname="TestNg.Practice01Test" name="test4" time="0.002"/>
  <testcase classname="TestNg.Practice01Test" name="test3" time="0.018"/>
  <testcase classname="TestNg.Practice01Test" name="test1" time="0.006"/>
</testsuite> <!-- TestNg.Practice01Test -->
